# JRE version: OpenJDK Runtime Environment (21.0.4) (build 21.0.4+-12508038-b607.1)
# Java VM: OpenJDK 64-Bit Server VM (21.0.4+-12508038-b607.1, mixed mode, tiered, compressed oops, compressed class ptrs, g1 gc, windows-amd64)
GC Precious Log:
 CardTable entry size: 512
 Card Set container configuration: InlinePtr #cards 4 size 8 Array Of Cards #cards 32 size 80 Howl #buckets 8 coarsen threshold 7372 Howl Bitmap #cards 1024 size 144 coarsen threshold 921 Card regions per heap region 1 cards per card region 8192
 CPUs: 2 total, 2 available
 Memory: 3918M
 Large Page Support: Disabled
 NUMA Support: Disabled
 Compressed Oops: Enabled (Zero based)
 Heap Region Size: 4M
 Heap Min Capacity: 8M
 Heap Initial Capacity: 64M
 Heap Max Capacity: 8G
 Pre-touch: Disabled
 Parallel Workers: 2
 Concurrent Workers: 1
 Concurrent Refinement Workers: 2
 Periodic GC: Disabled
Heap:
 garbage-first heap   total 1089536K, used 413877K [0x0000000600000000, 0x0000000800000000)
  region size 4096K, 9 young (36864K), 2 survivors (8192K)
 Metaspace       used 169778K, committed 172352K, reserved 1245184K
  class space    used 22598K, committed 23872K, reserved 1048576K
GC Heap History (20 events):
Event: 1306.101 GC heap before
{Heap before GC invocations=127 (full 0):
 garbage-first heap   total 1089536K, used 657534K [0x0000000600000000, 0x0000000800000000)
  region size 4096K, 67 young (274432K), 2 survivors (8192K)
 Metaspace       used 167867K, committed 170432K, reserved 1245184K
  class space    used 22370K, committed 23616K, reserved 1048576K
}
Event: 1306.530 GC heap after
{Heap after GC invocations=128 (full 0):
 garbage-first heap   total 1089536K, used 392245K [0x0000000600000000, 0x0000000800000000)
  region size 4096K, 2 young (8192K), 2 survivors (8192K)
 Metaspace       used 167867K, committed 170432K, reserved 1245184K
  class space    used 22370K, committed 23616K, reserved 1048576K
}
Event: 1312.134 GC heap before
{Heap before GC invocations=128 (full 0):
 garbage-first heap   total 1089536K, used 437301K [0x0000000600000000, 0x0000000800000000)
  region size 4096K, 13 young (53248K), 2 survivors (8192K)
 Metaspace       used 167875K, committed 170432K, reserved 1245184K
  class space    used 22370K, committed 23616K, reserved 1048576K
}
Event: 1312.200 GC heap after
{Heap after GC invocations=129 (full 0):
 garbage-first heap   total 1089536K, used 392915K [0x0000000600000000, 0x0000000800000000)
  region size 4096K, 1 young (4096K), 1 survivors (4096K)
 Metaspace       used 167875K, committed 170432K, reserved 1245184K
  class space    used 22370K, committed 23616K, reserved 1048576K
}
Event: 1346.219 GC heap before
{Heap before GC invocations=129 (full 0):
 garbage-first heap   total 1089536K, used 782035K [0x0000000600000000, 0x0000000800000000)
  region size 4096K, 96 young (393216K), 1 survivors (4096K)
 Metaspace       used 167962K, committed 170560K, reserved 1245184K
  class space    used 22372K, committed 23616K, reserved 1048576K
}
Event: 1346.598 GC heap after
{Heap after GC invocations=130 (full 0):
 garbage-first heap   total 1089536K, used 393659K [0x0000000600000000, 0x0000000800000000)
  region size 4096K, 2 young (8192K), 2 survivors (8192K)
 Metaspace       used 167962K, committed 170560K, reserved 1245184K
  class space    used 22372K, committed 23616K, reserved 1048576K
}
Event: 1351.047 GC heap before
{Heap before GC invocations=130 (full 0):
 garbage-first heap   total 1089536K, used 438715K [0x0000000600000000, 0x0000000800000000)
  region size 4096K, 13 young (53248K), 2 survivors (8192K)
 Metaspace       used 167963K, committed 170560K, reserved 1245184K
  class space    used 22372K, committed 23616K, reserved 1048576K
}
Event: 1351.070 GC heap after
{Heap after GC invocations=131 (full 0):
 garbage-first heap   total 1089536K, used 394584K [0x0000000600000000, 0x0000000800000000)
  region size 4096K, 2 young (8192K), 2 survivors (8192K)
 Metaspace       used 167963K, committed 170560K, reserved 1245184K
  class space    used 22372K, committed 23616K, reserved 1048576K
}
Event: 1352.988 GC heap before
{Heap before GC invocations=131 (full 0):
 garbage-first heap   total 1089536K, used 447832K [0x0000000600000000, 0x0000000800000000)
  region size 4096K, 15 young (61440K), 2 survivors (8192K)
 Metaspace       used 167967K, committed 170560K, reserved 1245184K
  class space    used 22372K, committed 23616K, reserved 1048576K
}
Event: 1353.013 GC heap after
{Heap after GC invocations=132 (full 0):
 garbage-first heap   total 1089536K, used 394487K [0x0000000600000000, 0x0000000800000000)
  region size 4096K, 1 young (4096K), 1 survivors (4096K)
 Metaspace       used 167967K, committed 170560K, reserved 1245184K
  class space    used 22372K, committed 23616K, reserved 1048576K
}
Event: 1397.913 GC heap before
{Heap before GC invocations=132 (full 0):
 garbage-first heap   total 1089536K, used 1025271K [0x0000000600000000, 0x0000000800000000)
  region size 4096K, 155 young (634880K), 1 survivors (4096K)
 Metaspace       used 168050K, committed 170624K, reserved 1245184K
  class space    used 22372K, committed 23616K, reserved 1048576K
}
Event: 1398.694 GC heap after
{Heap after GC invocations=133 (full 0):
 garbage-first heap   total 1089536K, used 396462K [0x0000000600000000, 0x0000000800000000)
  region size 4096K, 2 young (8192K), 2 survivors (8192K)
 Metaspace       used 168050K, committed 170624K, reserved 1245184K
  class space    used 22372K, committed 23616K, reserved 1048576K
}
Event: 1402.265 GC heap before
{Heap before GC invocations=133 (full 0):
 garbage-first heap   total 1089536K, used 441518K [0x0000000600000000, 0x0000000800000000)
  region size 4096K, 13 young (53248K), 2 survivors (8192K)
 Metaspace       used 168051K, committed 170624K, reserved 1245184K
  class space    used 22372K, committed 23616K, reserved 1048576K
}
Event: 1402.401 GC heap after
{Heap after GC invocations=134 (full 0):
 garbage-first heap   total 1089536K, used 397301K [0x0000000600000000, 0x0000000800000000)
  region size 4096K, 1 young (4096K), 1 survivors (4096K)
 Metaspace       used 168051K, committed 170624K, reserved 1245184K
  class space    used 22372K, committed 23616K, reserved 1048576K
}
Event: 1410.447 GC heap before
{Heap before GC invocations=134 (full 0):
 garbage-first heap   total 1089536K, used 450549K [0x0000000600000000, 0x0000000800000000)
  region size 4096K, 14 young (57344K), 1 survivors (4096K)
 Metaspace       used 168057K, committed 170624K, reserved 1245184K
  class space    used 22372K, committed 23616K, reserved 1048576K
}
Event: 1410.472 GC heap after
{Heap after GC invocations=135 (full 0):
 garbage-first heap   total 1089536K, used 396671K [0x0000000600000000, 0x0000000800000000)
  region size 4096K, 1 young (4096K), 1 survivors (4096K)
 Metaspace       used 168057K, committed 170624K, reserved 1245184K
  class space    used 22372K, committed 23616K, reserved 1048576K
}
Event: 1444.974 GC heap before
{Heap before GC invocations=136 (full 0):
 garbage-first heap   total 1089536K, used 486783K [0x0000000600000000, 0x0000000800000000)
  region size 4096K, 23 young (94208K), 1 survivors (4096K)
 Metaspace       used 169119K, committed 171648K, reserved 1245184K
  class space    used 22510K, committed 23744K, reserved 1048576K
}
Event: 1445.083 GC heap after
{Heap after GC invocations=137 (full 0):
 garbage-first heap   total 1089536K, used 398780K [0x0000000600000000, 0x0000000800000000)
  region size 4096K, 2 young (8192K), 2 survivors (8192K)
 Metaspace       used 169119K, committed 171648K, reserved 1245184K
  class space    used 22510K, committed 23744K, reserved 1048576K
}
Event: 1454.249 GC heap before
{Heap before GC invocations=137 (full 0):
 garbage-first heap   total 1089536K, used 452028K [0x0000000600000000, 0x0000000800000000)
  region size 4096K, 15 young (61440K), 2 survivors (8192K)
 Metaspace       used 169663K, committed 172288K, reserved 1245184K
  class space    used 22590K, committed 23872K, reserved 1048576K
}
Event: 1454.331 GC heap after
{Heap after GC invocations=138 (full 0):
 garbage-first heap   total 1089536K, used 389301K [0x0000000600000000, 0x0000000800000000)
  region size 4096K, 2 young (8192K), 2 survivors (8192K)
 Metaspace       used 169663K, committed 172288K, reserved 1245184K
  class space    used 22590K, committed 23872K, reserved 1048576K
}

