# JRE version: Java(TM) SE Runtime Environment (21.0.2+13) (build 21.0.2+13-LTS-58)
# Java VM: Java HotSpot(TM) 64-Bit Server VM (21.0.2+13-LTS-58, mixed mode, sharing, tiered, compressed oops, compressed class ptrs, g1 gc, windows-amd64)
GC Precious Log:
 CardTable entry size: 512
 Card Set container configuration: InlinePtr #cards 4 size 8 Array Of Cards #cards 32 size 80 Howl #buckets 8 coarsen threshold 7372 Howl Bitmap #cards 1024 size 144 coarsen threshold 921 Card regions per heap region 1 cards per card region 8192
 CPUs: 2 total, 2 available
 Memory: 3918M
 Large Page Support: Disabled
 NUMA Support: Disabled
 Compressed Oops: Enabled (Zero based)
 Heap Region Size: 4M
 Heap Min Capacity: 8M
 Heap Initial Capacity: 64M
 Heap Max Capacity: 8G
 Pre-touch: Disabled
 Parallel Workers: 2
 Concurrent Workers: 1
 Concurrent Refinement Workers: 2
 Periodic GC: Disabled
Heap:
 garbage-first heap   total 118784K, used 93525K [0x0000000600000000, 0x0000000800000000)
  region size 4096K, 10 young (40960K), 2 survivors (8192K)
 Metaspace       used 67335K, committed 69312K, reserved 1114112K
  class space    used 9699K, committed 10688K, reserved 1048576K
GC Heap History (20 events):
Event: 16.877 GC heap before
{Heap before GC invocations=21 (full 0):
 garbage-first heap   total 69632K, used 60010K [0x0000000600000000, 0x0000000800000000)
  region size 4096K, 7 young (28672K), 1 survivors (4096K)
 Metaspace       used 41420K, committed 43072K, reserved 1114112K
  class space    used 6044K, committed 6848K, reserved 1048576K
}
Event: 16.897 GC heap after
{Heap after GC invocations=22 (full 0):
 garbage-first heap   total 73728K, used 35999K [0x0000000600000000, 0x0000000800000000)
  region size 4096K, 1 young (4096K), 1 survivors (4096K)
 Metaspace       used 41420K, committed 43072K, reserved 1114112K
  class space    used 6044K, committed 6848K, reserved 1048576K
}
Event: 17.786 GC heap before
{Heap before GC invocations=22 (full 0):
 garbage-first heap   total 73728K, used 56479K [0x0000000600000000, 0x0000000800000000)
  region size 4096K, 7 young (28672K), 1 survivors (4096K)
 Metaspace       used 44430K, committed 46144K, reserved 1114112K
  class space    used 6451K, committed 7296K, reserved 1048576K
}
Event: 17.795 GC heap after
{Heap after GC invocations=23 (full 0):
 garbage-first heap   total 90112K, used 37338K [0x0000000600000000, 0x0000000800000000)
  region size 4096K, 1 young (4096K), 1 survivors (4096K)
 Metaspace       used 44430K, committed 46144K, reserved 1114112K
  class space    used 6451K, committed 7296K, reserved 1048576K
}
Event: 19.772 GC heap before
{Heap before GC invocations=24 (full 0):
 garbage-first heap   total 90112K, used 74202K [0x0000000600000000, 0x0000000800000000)
  region size 4096K, 10 young (40960K), 1 survivors (4096K)
 Metaspace       used 47775K, committed 49472K, reserved 1114112K
  class space    used 6943K, committed 7744K, reserved 1048576K
}
Event: 19.790 GC heap after
{Heap after GC invocations=25 (full 0):
 garbage-first heap   total 90112K, used 41766K [0x0000000600000000, 0x0000000800000000)
  region size 4096K, 2 young (8192K), 2 survivors (8192K)
 Metaspace       used 47775K, committed 49472K, reserved 1114112K
  class space    used 6943K, committed 7744K, reserved 1048576K
}
Event: 21.221 GC heap before
{Heap before GC invocations=25 (full 0):
 garbage-first heap   total 90112K, used 70438K [0x0000000600000000, 0x0000000800000000)
  region size 4096K, 9 young (36864K), 2 survivors (8192K)
 Metaspace       used 48525K, committed 50176K, reserved 1114112K
  class space    used 7016K, committed 7808K, reserved 1048576K
}
Event: 21.239 GC heap after
{Heap after GC invocations=26 (full 0):
 garbage-first heap   total 90112K, used 43070K [0x0000000600000000, 0x0000000800000000)
  region size 4096K, 2 young (8192K), 2 survivors (8192K)
 Metaspace       used 48525K, committed 50176K, reserved 1114112K
  class space    used 7016K, committed 7808K, reserved 1048576K
}
Event: 22.252 GC heap before
{Heap before GC invocations=26 (full 0):
 garbage-first heap   total 90112K, used 63550K [0x0000000600000000, 0x0000000800000000)
  region size 4096K, 8 young (32768K), 2 survivors (8192K)
 Metaspace       used 51110K, committed 52992K, reserved 1114112K
  class space    used 7451K, committed 8384K, reserved 1048576K
}
Event: 22.269 GC heap after
{Heap after GC invocations=27 (full 0):
 garbage-first heap   total 90112K, used 44760K [0x0000000600000000, 0x0000000800000000)
  region size 4096K, 1 young (4096K), 1 survivors (4096K)
 Metaspace       used 51110K, committed 52992K, reserved 1114112K
  class space    used 7451K, committed 8384K, reserved 1048576K
}
Event: 23.942 GC heap before
{Heap before GC invocations=28 (full 0):
 garbage-first heap   total 90112K, used 69336K [0x0000000600000000, 0x0000000800000000)
  region size 4096K, 8 young (32768K), 1 survivors (4096K)
 Metaspace       used 54412K, committed 56256K, reserved 1114112K
  class space    used 7906K, committed 8832K, reserved 1048576K
}
Event: 23.961 GC heap after
{Heap after GC invocations=29 (full 0):
 garbage-first heap   total 90112K, used 49021K [0x0000000600000000, 0x0000000800000000)
  region size 4096K, 1 young (4096K), 1 survivors (4096K)
 Metaspace       used 54412K, committed 56256K, reserved 1114112K
  class space    used 7906K, committed 8832K, reserved 1048576K
}
Event: 25.203 GC heap before
{Heap before GC invocations=29 (full 0):
 garbage-first heap   total 90112K, used 85885K [0x0000000600000000, 0x0000000800000000)
  region size 4096K, 8 young (32768K), 1 survivors (4096K)
 Metaspace       used 56779K, committed 58752K, reserved 1114112K
  class space    used 8253K, committed 9216K, reserved 1048576K
}
Event: 25.230 GC heap after
{Heap after GC invocations=30 (full 0):
 garbage-first heap   total 98304K, used 58922K [0x0000000600000000, 0x0000000800000000)
  region size 4096K, 1 young (4096K), 1 survivors (4096K)
 Metaspace       used 56779K, committed 58752K, reserved 1114112K
  class space    used 8253K, committed 9216K, reserved 1048576K
}
Event: 25.937 GC heap before
{Heap before GC invocations=30 (full 0):
 garbage-first heap   total 98304K, used 83498K [0x0000000600000000, 0x0000000800000000)
  region size 4096K, 7 young (28672K), 1 survivors (4096K)
 Metaspace       used 59526K, committed 61504K, reserved 1114112K
  class space    used 8596K, committed 9600K, reserved 1048576K
}
Event: 25.944 GC heap after
{Heap after GC invocations=31 (full 0):
 garbage-first heap   total 118784K, used 60195K [0x0000000600000000, 0x0000000800000000)
  region size 4096K, 1 young (4096K), 1 survivors (4096K)
 Metaspace       used 59526K, committed 61504K, reserved 1114112K
  class space    used 8596K, committed 9600K, reserved 1048576K
}
Event: 27.307 GC heap before
{Heap before GC invocations=32 (full 0):
 garbage-first heap   total 118784K, used 101155K [0x0000000600000000, 0x0000000800000000)
  region size 4096K, 11 young (45056K), 1 survivors (4096K)
 Metaspace       used 62521K, committed 64512K, reserved 1114112K
  class space    used 8987K, committed 9984K, reserved 1048576K
}
Event: 27.317 GC heap after
{Heap after GC invocations=33 (full 0):
 garbage-first heap   total 118784K, used 62193K [0x0000000600000000, 0x0000000800000000)
  region size 4096K, 1 young (4096K), 1 survivors (4096K)
 Metaspace       used 62521K, committed 64512K, reserved 1114112K
  class space    used 8987K, committed 9984K, reserved 1048576K
}
Event: 28.424 GC heap before
{Heap before GC invocations=33 (full 0):
 garbage-first heap   total 118784K, used 103153K [0x0000000600000000, 0x0000000800000000)
  region size 4096K, 11 young (45056K), 1 survivors (4096K)
 Metaspace       used 64634K, committed 66624K, reserved 1114112K
  class space    used 9288K, committed 10304K, reserved 1048576K
}
Event: 28.447 GC heap after
{Heap after GC invocations=34 (full 0):
 garbage-first heap   total 118784K, used 64853K [0x0000000600000000, 0x0000000800000000)
  region size 4096K, 2 young (8192K), 2 survivors (8192K)
 Metaspace       used 64634K, committed 66624K, reserved 1114112K
  class space    used 9288K, committed 10304K, reserved 1048576K
}

